[NX Daemon Server] - 2025-02-07T21:33:32.802Z - Started listening on: /tmp/f4ad82940c3228297824/d.sock
[NX Daemon Server] - 2025-02-07T21:33:32.813Z - [WATCHER]: Subscribed to changes within: /mnt/c/Users/Daniel/git/rasb (native)
[NX Daemon Server] - 2025-02-07T21:33:32.821Z - Established a connection. Number of open connections: 1
[NX Daemon Server] - 2025-02-07T21:33:32.829Z - Established a connection. Number of open connections: 2
[NX Daemon Server] - 2025-02-07T21:33:32.831Z - Closed a connection. Number of open connections: 1
[NX Daemon Server] - 2025-02-07T21:33:32.848Z - [REQUEST]: Client Request for Project Graph Received
[NX Daemon Server] - 2025-02-07T21:33:35.406Z - Time taken for 'Load Nx Plugin: /mnt/c/Users/Daniel/git/rasb/node_modules/nx/src/plugins/project-json/build-nodes/project-json' 2393.258605ms
[NX Daemon Server] - 2025-02-07T21:33:36.247Z - Time taken for 'Load Nx Plugin: /mnt/c/Users/Daniel/git/rasb/node_modules/nx/src/plugins/package-json' 3249.243353ms
[NX Daemon Server] - 2025-02-07T21:33:37.362Z - Time taken for 'loadDefaultNxPlugins' 4381.990769999999ms
[NX Daemon Server] - 2025-02-07T21:33:37.934Z - Time taken for 'Load Nx Plugin: @nx/eslint/plugin' 5044.572375ms
[NX Daemon Server] - 2025-02-07T21:33:39.676Z - Time taken for 'Load Nx Plugin: @nx/cypress/plugin' 6756.311593999999ms
[NX Daemon Server] - 2025-02-07T21:33:40.464Z - Time taken for 'Load Nx Plugin: @nx/vite/plugin' 7613.248096ms
[NX Daemon Server] - 2025-02-07T21:33:45.299Z - [REQUEST]: Updated workspace context based on watched changes, recomputing project graph...
[NX Daemon Server] - 2025-02-07T21:33:45.299Z - [REQUEST]: 
[NX Daemon Server] - 2025-02-07T21:33:45.300Z - [REQUEST]: 
[NX Daemon Server] - 2025-02-07T21:33:45.318Z - Time taken for 'loadSpecifiedNxPlugins' 12447.936859ms
[NX Daemon Server] - 2025-02-07T21:33:45.322Z - Established a connection. Number of open connections: 2
[NX Daemon Server] - 2025-02-07T21:33:45.326Z - Established a connection. Number of open connections: 3
[NX Daemon Server] - 2025-02-07T21:33:45.326Z - Closed a connection. Number of open connections: 2
[NX Daemon Server] - 2025-02-07T21:33:45.329Z - Established a connection. Number of open connections: 3
[NX Daemon Server] - 2025-02-07T21:33:45.339Z - [REQUEST]: Responding to the client. handleGlob
[NX Daemon Server] - 2025-02-07T21:33:45.339Z - Done responding to the client handleGlob
[NX Daemon Server] - 2025-02-07T21:33:45.339Z - Handled GLOB. Handling time: 1. Response time: 1.
[NX Daemon Server] - 2025-02-07T21:33:45.342Z - Established a connection. Number of open connections: 4
[NX Daemon Server] - 2025-02-07T21:33:45.342Z - Closed a connection. Number of open connections: 3
[NX Daemon Server] - 2025-02-07T21:33:45.345Z - Established a connection. Number of open connections: 4
[NX Daemon Server] - 2025-02-07T21:33:45.355Z - [REQUEST]: Responding to the client. handleHashGlob
[NX Daemon Server] - 2025-02-07T21:33:45.355Z - Done responding to the client handleHashGlob
[NX Daemon Server] - 2025-02-07T21:33:45.355Z - Handled HASH_GLOB. Handling time: 1. Response time: 0.
[NX Daemon Server] - 2025-02-07T21:33:45.358Z - Established a connection. Number of open connections: 5
[NX Daemon Server] - 2025-02-07T21:33:45.361Z - Closed a connection. Number of open connections: 4
[NX Daemon Server] - 2025-02-07T21:33:45.372Z - [REQUEST]: Responding to the client. handleHashGlob
[NX Daemon Server] - 2025-02-07T21:33:45.373Z - Done responding to the client handleHashGlob
[NX Daemon Server] - 2025-02-07T21:33:45.373Z - Handled HASH_GLOB. Handling time: 0. Response time: 1.
[33mThe CJS build of Vite's Node API is deprecated. See https://vitejs.dev/guide/troubleshooting.html#vite-cjs-node-api-deprecated for more details.[39m
[NX Daemon Server] - 2025-02-07T21:33:49.384Z - [REQUEST]: Responding to the client. handleHashGlob
[NX Daemon Server] - 2025-02-07T21:33:49.384Z - Done responding to the client handleHashGlob
[NX Daemon Server] - 2025-02-07T21:33:49.385Z - Handled HASH_GLOB. Handling time: 2. Response time: 1.
[NX Daemon Server] - 2025-02-07T21:33:49.397Z - [REQUEST]: Responding to the client. handleHashGlob
[NX Daemon Server] - 2025-02-07T21:33:49.397Z - Done responding to the client handleHashGlob
[NX Daemon Server] - 2025-02-07T21:33:49.397Z - Handled HASH_GLOB. Handling time: 2. Response time: 0.
[NX Daemon Server] - 2025-02-07T21:33:49.409Z - [REQUEST]: Responding to the client. handleHashGlob
[NX Daemon Server] - 2025-02-07T21:33:49.410Z - Done responding to the client handleHashGlob
[NX Daemon Server] - 2025-02-07T21:33:49.410Z - Handled HASH_GLOB. Handling time: 1. Response time: 1.
[NX Daemon Server] - 2025-02-07T21:33:49.422Z - [REQUEST]: Responding to the client. handleHashGlob
[NX Daemon Server] - 2025-02-07T21:33:49.423Z - Done responding to the client handleHashGlob
[NX Daemon Server] - 2025-02-07T21:33:49.423Z - Handled HASH_GLOB. Handling time: 0. Response time: 1.
[NX Daemon Server] - 2025-02-07T21:34:03.018Z - [REQUEST]: Responding to the client. handleGlob
[NX Daemon Server] - 2025-02-07T21:34:03.018Z - Done responding to the client handleGlob
[NX Daemon Server] - 2025-02-07T21:34:03.019Z - Handled GLOB. Handling time: 2. Response time: 1.
[NX Daemon Server] - 2025-02-07T21:34:13.827Z - [REQUEST]: Responding to the client. handleHashGlob
[NX Daemon Server] - 2025-02-07T21:34:13.827Z - Done responding to the client handleHashGlob
[NX Daemon Server] - 2025-02-07T21:34:13.828Z - Handled HASH_GLOB. Handling time: 2. Response time: 1.
Creating project graph nodes with 7 plugins
[NX Daemon Server] - 2025-02-07T21:34:30.091Z - Time taken for 'build-project-configs' 41889.855708999996ms
[NX Daemon Server] - 2025-02-07T21:34:30.096Z - Time taken for '@nx/vite/plugin:createDependencies' 9.107833000001847ms
[NX Daemon Server] - 2025-02-07T21:34:30.202Z - Time taken for '@nxrocks/nx-spring-boot:createDependencies' 114.12897199999861ms
[NX Daemon Server] - 2025-02-07T21:34:30.355Z - [SYNC]: collect registered sync generators
[NX Daemon Server] - 2025-02-07T21:34:30.358Z - [REQUEST]: Responding to the client. project-graph
[NX Daemon Server] - 2025-02-07T21:34:30.359Z - Time taken for 'total for creating and serializing project graph' 54635.512595ms
[NX Daemon Server] - 2025-02-07T21:34:30.363Z - Done responding to the client project-graph
[NX Daemon Server] - 2025-02-07T21:34:30.364Z - Handled REQUEST_PROJECT_GRAPH. Handling time: 57510. Response time: 6.
[NX Daemon Server] - 2025-02-07T21:34:30.380Z - [REQUEST]: Responding to the client. handleRunPreTasksExecution
[NX Daemon Server] - 2025-02-07T21:34:30.380Z - Done responding to the client handleRunPreTasksExecution
[NX Daemon Server] - 2025-02-07T21:34:30.381Z - Handled PRE_TASKS_EXECUTION. Handling time: 3. Response time: 1.
[NX Daemon Server] - 2025-02-07T21:34:30.381Z - Time taken for 'preTasksExecution' 2.675718999998935ms
[NX Daemon Server] - 2025-02-07T21:34:30.828Z - [REQUEST]: Responding to the client. handleHashTasks
[NX Daemon Server] - 2025-02-07T21:34:30.829Z - Done responding to the client handleHashTasks
[NX Daemon Server] - 2025-02-07T21:34:30.829Z - Handled HASH_TASKS. Handling time: 14. Response time: 1.
[NX Daemon Server] - 2025-02-07T21:34:31.407Z - [REQUEST]: Responding to the client. handleGetEstimatedTaskTimings
[NX Daemon Server] - 2025-02-07T21:34:31.407Z - Done responding to the client handleGetEstimatedTaskTimings
[NX Daemon Server] - 2025-02-07T21:34:31.407Z - Handled GET_ESTIMATED_TASK_TIMINGS. Handling time: 21. Response time: 0.
[NX Daemon Server] - 2025-02-07T21:34:54.210Z - [REQUEST]: Responding to the client. recordOutputsHash
[NX Daemon Server] - 2025-02-07T21:34:54.210Z - Done responding to the client recordOutputsHash
[NX Daemon Server] - 2025-02-07T21:34:54.210Z - Handled RECORD_OUTPUTS_HASH. Handling time: 0. Response time: 0.
[NX Daemon Server] - 2025-02-07T21:34:54.241Z - [REQUEST]: Responding to the client. handleRunPostTasksExecution
[NX Daemon Server] - 2025-02-07T21:34:54.242Z - Done responding to the client handleRunPostTasksExecution
[NX Daemon Server] - 2025-02-07T21:34:54.242Z - Handled POST_TASKS_EXECUTION. Handling time: 2. Response time: 1.
[NX Daemon Server] - 2025-02-07T21:34:54.242Z - Time taken for 'postTasksExecution' 1.8677989999996498ms
[NX Daemon Server] - 2025-02-07T21:34:54.253Z - Closed a connection. Number of open connections: 3
